;  LST file generated by mikroListExporter - v.2.0 
; Date/Time: 27/11/2021 20:48:07
;----------------------------------------------

;Address Opcode 	ASM
0x0000	0x2815      	GOTO       21
_____DoICP:
;__Lib_System.c,6 :: 		
;__Lib_System.c,9 :: 		
0x0003	0x1283      	BCF        STATUS, 5
0x0004	0x0823      	MOVF       ___DoICPAddr+1, 0
0x0005	0x008A      	MOVWF      PCLATH
;__Lib_System.c,10 :: 		
0x0006	0x0822      	MOVF       ___DoICPAddr, 0
0x0007	0x0082      	MOVWF      PCL
;__Lib_System.c,12 :: 		
L_end_____DoICP:
0x0008	0x0008      	RETURN
; end of _____DoICP
___CC2DW:
;__Lib_System.c,134 :: 		
;__Lib_System.c,137 :: 		
_CC2D_Loop1:
;__Lib_System.c,139 :: 		
0x0009	0x2003      	CALL       _____DoICP
0x000A	0x118A      	BCF        PCLATH, 3
0x000B	0x120A      	BCF        PCLATH, 4
;__Lib_System.c,141 :: 		
0x000C	0x0080      	MOVWF      INDF
;__Lib_System.c,142 :: 		
0x000D	0x0A84      	INCF       FSR, 1
;__Lib_System.c,143 :: 		
0x000E	0x0AA2      	INCF       ___DoICPAddr, 1
;__Lib_System.c,145 :: 		
0x000F	0x1903      	BTFSC      STATUS, 2
;__Lib_System.c,146 :: 		
0x0010	0x0AA3      	INCF       ___DoICPAddr+1, 1
;__Lib_System.c,147 :: 		
0x0011	0x03D0      	DECF       R0, 1
;__Lib_System.c,149 :: 		
0x0012	0x1D03      	BTFSS      STATUS, 2
;__Lib_System.c,150 :: 		
0x0013	0x2809      	GOTO       _CC2D_Loop1
;__Lib_System.c,152 :: 		
L_end___CC2DW:
0x0014	0x0008      	RETURN
; end of ___CC2DW
_main:
0x0015	0x1283      	BCF        STATUS, 5
0x0016	0x01A0      	CLRF       _tempo
0x0017	0x01A1      	CLRF       33
;ControlaBancada.c,10 :: 		void main() {
;ControlaBancada.c,11 :: 		CMCON = 7; //Desabilita o comparador de tensão
0x0018	0x3007      	MOVLW      7
0x0019	0x0099      	MOVWF      CMCON
;ControlaBancada.c,12 :: 		ANSEL = 0; //Desabilita entradas analogicas
0x001A	0x1683      	BSF        STATUS, 5
0x001B	0x019F      	CLRF       ANSEL
;ControlaBancada.c,14 :: 		TRISIO.GP0 = entrada; //Definido como entrada
0x001C	0x1405      	BSF        TRISIO, 0
;ControlaBancada.c,15 :: 		TRISIO.GP1 = saida; //Definido como saida
0x001D	0x1085      	BCF        TRISIO, 1
;ControlaBancada.c,16 :: 		TRISIO.GP2 = saida; //Definido como saida
0x001E	0x1105      	BCF        TRISIO, 2
;ControlaBancada.c,22 :: 		GP0_bit = Alta; //GP0 inicia em nível lógico alto
0x001F	0x1283      	BCF        STATUS, 5
0x0020	0x1405      	BSF        GP0_bit, BitPos(GP0_bit+0)
;ControlaBancada.c,23 :: 		GP1_bit = Baixa; //Todos os demais pinos iniciarão em nível lógico baixo
0x0021	0x1085      	BCF        GP1_bit, BitPos(GP1_bit+0)
;ControlaBancada.c,24 :: 		GP2_bit = Baixa;
0x0022	0x1105      	BCF        GP2_bit, BitPos(GP2_bit+0)
;ControlaBancada.c,29 :: 		do {
L_main0:
;ControlaBancada.c,30 :: 		while (GP0_bit == Baixa) {
L_main3:
0x0023	0x1805      	BTFSC      GP0_bit, BitPos(GP0_bit+0)
0x0024	0x2878      	GOTO       L_main4
;ControlaBancada.c,31 :: 		tempo += delay;
0x0025	0x30C8      	MOVLW      200
0x0026	0x07A0      	ADDWF      _tempo, 1
0x0027	0x3000      	MOVLW      0
0x0028	0x1803      	BTFSC      STATUS, 0
0x0029	0x3E01      	ADDLW      1
0x002A	0x07A1      	ADDWF      _tempo+1, 1
;ControlaBancada.c,32 :: 		delay_ms(delay);
0x002B	0x3002      	MOVLW      2
0x002C	0x00DB      	MOVWF      R11
0x002D	0x3004      	MOVLW      4
0x002E	0x00DC      	MOVWF      R12
0x002F	0x30BA      	MOVLW      186
0x0030	0x00DD      	MOVWF      R13
L_main5:
0x0031	0x0BDD      	DECFSZ     R13, 1
0x0032	0x2831      	GOTO       L_main5
0x0033	0x0BDC      	DECFSZ     R12, 1
0x0034	0x2831      	GOTO       L_main5
0x0035	0x0BDB      	DECFSZ     R11, 1
0x0036	0x2831      	GOTO       L_main5
0x0037	0x0000      	NOP
;ControlaBancada.c,33 :: 		if (tempo <= DelayLuzes && GP0_bit == Alta) {
0x0038	0x3080      	MOVLW      128
0x0039	0x3A01      	XORLW      1
0x003A	0x00D0      	MOVWF      R0
0x003B	0x3080      	MOVLW      128
0x003C	0x0621      	XORWF      _tempo+1, 0
0x003D	0x0250      	SUBWF      R0, 0
0x003E	0x1D03      	BTFSS      STATUS, 2
0x003F	0x2842      	GOTO       L__main20
0x0040	0x0820      	MOVF       _tempo, 0
0x0041	0x3CF4      	SUBLW      244
L__main20:
0x0042	0x1C03      	BTFSS      STATUS, 0
0x0043	0x2852      	GOTO       L_main8
0x0044	0x1C05      	BTFSS      GP0_bit, BitPos(GP0_bit+0)
0x0045	0x2852      	GOTO       L_main8
L__main18:
;ControlaBancada.c,34 :: 		if (GP1_bit == Baixa) {
0x0046	0x1885      	BTFSC      GP1_bit, BitPos(GP1_bit+0)
0x0047	0x284C      	GOTO       L_main9
;ControlaBancada.c,35 :: 		GP1_bit = Alta;
0x0048	0x1485      	BSF        GP1_bit, BitPos(GP1_bit+0)
;ControlaBancada.c,36 :: 		tempo = 0;
0x0049	0x01A0      	CLRF       _tempo
0x004A	0x01A1      	CLRF       _tempo+1
;ControlaBancada.c,37 :: 		} else {
0x004B	0x2851      	GOTO       L_main10
L_main9:
;ControlaBancada.c,38 :: 		if (GP1_bit == Alta) {
0x004C	0x1C85      	BTFSS      GP1_bit, BitPos(GP1_bit+0)
0x004D	0x2851      	GOTO       L_main11
;ControlaBancada.c,39 :: 		GP1_bit = Baixa;
0x004E	0x1085      	BCF        GP1_bit, BitPos(GP1_bit+0)
;ControlaBancada.c,40 :: 		tempo = 0;
0x004F	0x01A0      	CLRF       _tempo
0x0050	0x01A1      	CLRF       _tempo+1
;ControlaBancada.c,41 :: 		}
L_main11:
;ControlaBancada.c,42 :: 		}
L_main10:
;ControlaBancada.c,43 :: 		} else {
0x0051	0x2877      	GOTO       L_main12
L_main8:
;ControlaBancada.c,44 :: 		if (tempo >= delayBancada) {
0x0052	0x3080      	MOVLW      128
0x0053	0x0621      	XORWF      _tempo+1, 0
0x0054	0x00D0      	MOVWF      R0
0x0055	0x3080      	MOVLW      128
0x0056	0x3A03      	XORLW      3
0x0057	0x0250      	SUBWF      R0, 0
0x0058	0x1D03      	BTFSS      STATUS, 2
0x0059	0x285C      	GOTO       L__main21
0x005A	0x30E8      	MOVLW      232
0x005B	0x0220      	SUBWF      _tempo, 0
L__main21:
0x005C	0x1C03      	BTFSS      STATUS, 0
0x005D	0x2877      	GOTO       L_main13
;ControlaBancada.c,45 :: 		if (GP2_bit == Baixa) {
0x005E	0x1905      	BTFSC      GP2_bit, BitPos(GP2_bit+0)
0x005F	0x2864      	GOTO       L_main14
;ControlaBancada.c,46 :: 		GP2_bit = Alta;
0x0060	0x1505      	BSF        GP2_bit, BitPos(GP2_bit+0)
;ControlaBancada.c,47 :: 		tempo = 0;
0x0061	0x01A0      	CLRF       _tempo
0x0062	0x01A1      	CLRF       _tempo+1
;ControlaBancada.c,48 :: 		} else {
0x0063	0x2869      	GOTO       L_main15
L_main14:
;ControlaBancada.c,49 :: 		if (GP2_bit == Alta) {
0x0064	0x1D05      	BTFSS      GP2_bit, BitPos(GP2_bit+0)
0x0065	0x2869      	GOTO       L_main16
;ControlaBancada.c,50 :: 		GP2_bit = Baixa;
0x0066	0x1105      	BCF        GP2_bit, BitPos(GP2_bit+0)
;ControlaBancada.c,51 :: 		tempo = 0;
0x0067	0x01A0      	CLRF       _tempo
0x0068	0x01A1      	CLRF       _tempo+1
;ControlaBancada.c,52 :: 		}
L_main16:
;ControlaBancada.c,53 :: 		}
L_main15:
;ControlaBancada.c,54 :: 		delay_ms(delayTroca);
0x0069	0x3003      	MOVLW      3
0x006A	0x00DB      	MOVWF      R11
0x006B	0x308A      	MOVLW      138
0x006C	0x00DC      	MOVWF      R12
0x006D	0x3055      	MOVLW      85
0x006E	0x00DD      	MOVWF      R13
L_main17:
0x006F	0x0BDD      	DECFSZ     R13, 1
0x0070	0x286F      	GOTO       L_main17
0x0071	0x0BDC      	DECFSZ     R12, 1
0x0072	0x286F      	GOTO       L_main17
0x0073	0x0BDB      	DECFSZ     R11, 1
0x0074	0x286F      	GOTO       L_main17
0x0075	0x0000      	NOP
0x0076	0x0000      	NOP
;ControlaBancada.c,56 :: 		}
L_main13:
;ControlaBancada.c,58 :: 		}
L_main12:
;ControlaBancada.c,60 :: 		}
0x0077	0x2823      	GOTO       L_main3
L_main4:
;ControlaBancada.c,61 :: 		tempo = 0;
0x0078	0x01A0      	CLRF       _tempo
0x0079	0x01A1      	CLRF       _tempo+1
;ControlaBancada.c,63 :: 		} while (1);
0x007A	0x2823      	GOTO       L_main0
;ControlaBancada.c,64 :: 		}
L_end_main:
0x007B	0x287B      	GOTO       $+0
; end of _main
Symbol List:
//** Routines locations **
//ADDRESS    SIZE    PROCEDURE
//----------------------------------------------
0x0003       [6]    _____DoICP
0x0009      [12]    ___CC2DW
0x0015     [103]    _main
//** Variables locations ** 
//ADDRESS    SIZE    VARIABLE
//----------------------------------------------
0x0000       [1]    INDF
0x0002       [1]    PCL
0x0003       [1]    STATUS
0x0004       [1]    FSR
0x0005       [0]    GP1_bit
0x0005       [0]    GP2_bit
0x0005       [0]    GP0_bit
0x000A       [1]    PCLATH
0x0019       [1]    CMCON
0x0020       [2]    _tempo
0x0022       [2]    ___DoICPAddr
0x0050       [1]    R0
0x0051       [1]    R1
0x0052       [1]    R2
0x0053       [1]    R3
0x0054       [1]    R4
0x0055       [1]    R5
0x0056       [1]    R6
0x0057       [1]    R7
0x0058       [1]    R8
0x0059       [1]    R9
0x005A       [1]    R10
0x005B       [1]    R11
0x005C       [1]    R12
0x005D       [1]    R13
0x005E       [1]    R14
0x005F       [1]    R15
0x0085       [1]    TRISIO
0x009F       [1]    ANSEL
